0 info it worked if it ends with ok
1 verbose cli [ '/usr/bin/nodejs', '/usr/bin/npm', 'run', 'dev-build' ]
2 info using npm@3.5.2
3 info using node@v4.2.6
4 verbose run-script [ 'predev-build', 'dev-build', 'postdev-build' ]
5 info lifecycle auto-kpi@0.0.1~predev-build: auto-kpi@0.0.1
6 silly lifecycle auto-kpi@0.0.1~predev-build: no script for predev-build, continuing
7 info lifecycle auto-kpi@0.0.1~dev-build: auto-kpi@0.0.1
8 verbose lifecycle auto-kpi@0.0.1~dev-build: unsafe-perm in lifecycle true
9 verbose lifecycle auto-kpi@0.0.1~dev-build: PATH: /usr/share/npm/bin/node-gyp-bin:/mnt/c/Users/trexer917/source/auto-kpi/static/node_modules/.bin:/usr/local/sbin:/usr/local/bin:/usr/sbin:/usr/bin:/sbin:/bin:/usr/games:/usr/local/games:/mnt/c/Program Files (x86)/RSA SecurID Token Common:/mnt/c/Program Files/RSA SecurID Token Common:/mnt/c/Program Files/Microsoft MPI/Bin:/mnt/c/Program Files (x86)/Intel/iCLS Client:/mnt/c/Program Files/Intel/iCLS Client:/mnt/c/ProgramData/Oracle/Java/javapath_target_627822437:/mnt/c/Windows/System32:/mnt/c/Windows:/mnt/c/Windows/System32/wbem:/mnt/c/Windows/System32/WindowsPowerShell/v1.0:/mnt/c/Program Files (x86)/Symantec/VIP Access Client:/mnt/c/Program Files/nodejs:/mnt/c/Program Files/Git/cmd:/mnt/c/Program Files/apache-maven-3.5.0/bin:/mnt/c/Program Files/PuTTY:/mnt/c/Program Files (x86)/Intel/Intel(R) Management Engine Components/DAL:/mnt/c/Program Files/Intel/Intel(R) Management Engine Components/DAL:/mnt/c/Program Files (x86)/Intel/Intel(R) Management Engine Components/IPT:/mnt/c/Program Files/Intel/Intel(R) Management Engine Components/IPT:/mnt/c/Program Files (x86)/Microsoft SQL Server/Client SDK/ODBC/130/Tools/Binn:/mnt/c/Program Files (x86)/Microsoft SQL Server/140/Tools/Binn:/mnt/c/Program Files (x86)/Microsoft SQL Server/140/DTS/Binn:/mnt/c/Program Files (x86)/Microsoft SQL Server/140/Tools/Binn/ManagementStudio:/mnt/c/MAMP/bin/php/php7.1.5:/mnt/c/ProgramData/ComposerSetup/bin:/mnt/c/Program Files/dotnet:/mnt/c/Program Files/Microsoft SQL Server/130/Tools/Binn:/mnt/c/Program Files (x86)/Sennheiser/SoftphoneSDK:/mnt/c/Users/trexer917/AppData/Local/Microsoft/WindowsApps
10 verbose lifecycle auto-kpi@0.0.1~dev-build: CWD: /mnt/c/Users/trexer917/source/auto-kpi/static
11 silly lifecycle auto-kpi@0.0.1~dev-build: Args: [ '-c',
11 silly lifecycle   'webpack --progress -d --config webpack.config.js --debug' ]
12 silly lifecycle auto-kpi@0.0.1~dev-build: Returned: code: 1  signal: null
13 info lifecycle auto-kpi@0.0.1~dev-build: Failed to exec dev-build script
14 verbose stack Error: auto-kpi@0.0.1 dev-build: `webpack --progress -d --config webpack.config.js --debug`
14 verbose stack Exit status 1
14 verbose stack     at EventEmitter.<anonymous> (/usr/share/npm/lib/utils/lifecycle.js:232:16)
14 verbose stack     at emitTwo (events.js:87:13)
14 verbose stack     at EventEmitter.emit (events.js:172:7)
14 verbose stack     at ChildProcess.<anonymous> (/usr/share/npm/lib/utils/spawn.js:24:14)
14 verbose stack     at emitTwo (events.js:87:13)
14 verbose stack     at ChildProcess.emit (events.js:172:7)
14 verbose stack     at maybeClose (internal/child_process.js:821:16)
14 verbose stack     at Process.ChildProcess._handle.onexit (internal/child_process.js:211:5)
15 verbose pkgid auto-kpi@0.0.1
16 verbose cwd /mnt/c/Users/trexer917/source/auto-kpi/static
17 error Linux 4.4.0-43-Microsoft
18 error argv "/usr/bin/nodejs" "/usr/bin/npm" "run" "dev-build"
19 error node v4.2.6
20 error npm  v3.5.2
21 error code ELIFECYCLE
22 error auto-kpi@0.0.1 dev-build: `webpack --progress -d --config webpack.config.js --debug`
22 error Exit status 1
23 error Failed at the auto-kpi@0.0.1 dev-build script 'webpack --progress -d --config webpack.config.js --debug'.
23 error Make sure you have the latest version of node.js and npm installed.
23 error If you do, this is most likely a problem with the auto-kpi package,
23 error not with npm itself.
23 error Tell the author that this fails on your system:
23 error     webpack --progress -d --config webpack.config.js --debug
23 error You can get information on how to open an issue for this project with:
23 error     npm bugs auto-kpi
23 error Or if that isn't available, you can get their info via:
23 error     npm owner ls auto-kpi
23 error There is likely additional logging output above.
24 verbose exit [ 1, true ]
